
ROM used:   1960/32768 (6%)
            1960/32768 (6%) including unused fragments

            1.4 Average locations per line
            15.4 Average locations per statement

RAM used:   19/2048 (1%) at main() level
            44/2048 (2%) worst case

Stack used: 5 worst case (5 in main + 0 for interrupts)
Stack size: 31

Lines Stmts  %   Files
----- ----- ---  -----
   57    27  21  practica4.c
  852     0   0  ..\..\..\..\Program Files (x86)\PICC\devices\18F4550.h
  456   100  79  ..\..\..\..\Program Files (x86)\PICC\drivers\lcd.c
----- -----
 1365   127 Total

Page ROM  %  RAM    Vol Diff  Functions:
---- --- --- ---    --- ----  ----------
0     26   1    1             @delay_ms1
0     72   2    3    760  4.5  lcd_read_byte
0     82   2    2    262  3.7  lcd_read_nibble
0     62   2    1    399  2.4  lcd_send_nibble
0     70   2    3    415  3.7  lcd_send_byte
0    124   3    6    852  6.2  lcd_init
0     34   1    4    208  6.3  lcd_gotoxy
0     80   2    1    354  4.7  lcd_putc
0    388  10    1    757  3.3  MAIN
0     18   0    0             @const711
0     32   1    2             @PSTRINGC_693
0     10   0    0             @const716
0     12   0    0             @const717
0     18   0    0             @const718
0     54   1    4             @DTOF
0    242   6   11             @MULFF
0     16   0    0             @const724
0     32   1    3             @PSTRINGCN_693
0     64   2    5             @FTOSD
0    142   4   13             @DIV3232
0    378  10   13             @PRINTF_L32D_693FPFPF
 Inline         0             @cinit1

Program metrics:
    Functions               8
    Statements              127
    Comments                282
    Volume (V)              6054
    Difficulty (D)          32.6
    Effort to implement (E) 197626
    Time to implement (T)   3 hours, 3 minutes
    Est Delivered Bugs (B)  1
    Cyclomatic Complexity   8
    Maintainability (MI)    103

 Segment     Used  Free
-----------  ----  ----
00000-00002     4  0  
00004-07FFE  1956  30808  



